=========================
Fcitx 5.1.8 -- Get Signal No.: 6
Date: try "date -d @1715140123" if you are using GNU date ***
ProcessID: 1388
fcitx5(+0xe26c)[0x5f69fd66d26c]
/usr/lib/libc.so.6(+0x3c770)[0x7c71f9c5a770]
/usr/lib/libc.so.6(+0x8d32c)[0x7c71f9cab32c]
/usr/lib/libc.so.6(gsignal+0x18)[0x7c71f9c5a6c8]
/usr/lib/libc.so.6(abort+0xd7)[0x7c71f9c424b8]
/usr/lib/libc.so.6(+0x243dc)[0x7c71f9c423dc]
/usr/lib/libc.so.6(+0x34d46)[0x7c71f9c52d46]
/usr/lib/libchewing.so.3(+0x13160)[0x7c71f2969160]
/usr/lib/libchewing.so.3(+0x13fe4)[0x7c71f2969fe4]
/usr/lib/libchewing.so.3(chewing_handle_Default+0x2a9)[0x7c71f2960d69]
/usr/lib/fcitx5/libchewing.so(+0x108bd)[0x7c71f324e8bd]
/usr/lib/libFcitx5Core.so.7(_ZNK5fcitx8Instance9postEventERNS_5EventE+0x1ee)[0x7c71fa3f848e]
/usr/lib/libFcitx5Core.so.7(_ZN5fcitx12InputContext8keyEventERNS_8KeyEventE+0xa6)[0x7c71fa41a026]
/usr/lib/fcitx5/libwaylandim.so(+0x23990)[0x7c71f8e49990]
/usr/lib/fcitx5/libwaylandim.so(+0x349df)[0x7c71f8e5a9df]
/usr/lib/libffi.so.8(+0x7596)[0x7c71fa4aa596]
/usr/lib/libffi.so.8(+0x400e)[0x7c71fa4a700e]
/usr/lib/libffi.so.8(ffi_call+0x123)[0x7c71fa4a9bd3]
/usr/lib/libwayland-client.so.0(+0x7645)[0x7c71fa4b5645]
/usr/lib/libwayland-client.so.0(+0x7e73)[0x7c71fa4b5e73]
/usr/lib/libwayland-client.so.0(wl_display_dispatch_queue_pending+0x7c)[0x7c71fa4b613c]
/usr/lib/fcitx5/libwayland.so(+0x1baba)[0x7c71fa0a3aba]
/usr/lib/libFcitx5Utils.so.2(+0x380bf)[0x7c71fa3300bf]
/usr/lib/libFcitx5Utils.so.2(+0x2fa71)[0x7c71fa327a71]
/usr/lib/libsystemd.so.0(+0x7d64a)[0x7c71fa1d464a]
/usr/lib/libsystemd.so.0(sd_event_dispatch+0x11e)[0x7c71fa1d496e]
/usr/lib/libsystemd.so.0(sd_event_run+0x119)[0x7c71fa1d6689]
/usr/lib/libsystemd.so.0(sd_event_loop+0x60)[0x7c71fa1d6860]
/usr/lib/libFcitx5Utils.so.2(_ZN5fcitx9EventLoop4execEv+0x16)[0x7c71fa325fc6]
/usr/lib/libFcitx5Core.so.7(_ZN5fcitx8Instance4execEv+0x5c)[0x7c71fa3fb3dc]
fcitx5(+0xc660)[0x5f69fd66b660]
/usr/lib/libc.so.6(+0x25cd0)[0x7c71f9c43cd0]
